2017-07-03 17:29:27.692+0000 WARN [o.n.i.p.PageCache] The dbms.memory.pagecache.size setting has not been configured. It is recommended that this setting is always explicitly configured, to ensure the system has a balanced configuration. Until then, a computed heuristic value of 6667821056 bytes will be used instead. 
2017-07-03 17:29:27.770+0000 INFO [o.n.k.i.f.CommunityEditionModule] No locking implementation specified, defaulting to 'community'
2017-07-03 17:29:27.778+0000 INFO [o.n.k.AvailabilityGuard] Requirement makes database unavailable: Database available
2017-07-03 17:29:27.779+0000 INFO [o.n.k.i.DiagnosticsManager] --- INITIALIZED diagnostics START ---
2017-07-03 17:29:27.779+0000 INFO [o.n.k.i.DiagnosticsManager] Neo4j Kernel properties:
2017-07-03 17:29:27.779+0000 INFO [o.n.k.i.DiagnosticsManager] dbms.connector.http.enabled=true
2017-07-03 17:29:27.779+0000 INFO [o.n.k.i.DiagnosticsManager] dbms.security.auth_enabled=true
2017-07-03 17:29:27.779+0000 INFO [o.n.k.i.DiagnosticsManager] dbms.connector.bolt.type=BOLT
2017-07-03 17:29:27.779+0000 INFO [o.n.k.i.DiagnosticsManager] unsupported.dbms.directories.neo4j_home=C:\Users\Tim-Niklas Reck\Desktop\Bachelorarbeit\sootexample\databases\de.tnr.sdg.example.cache.MainCache
2017-07-03 17:29:27.779+0000 INFO [o.n.k.i.DiagnosticsManager] dbms.directories.import=import
2017-07-03 17:29:27.779+0000 INFO [o.n.k.i.DiagnosticsManager] dbms.connector.https.enabled=true
2017-07-03 17:29:27.779+0000 INFO [o.n.k.i.DiagnosticsManager] dbms.connector.http.type=HTTP
2017-07-03 17:29:27.779+0000 INFO [o.n.k.i.DiagnosticsManager] unsupported.dbms.directories.database=C:\Users\Tim-Niklas Reck\Desktop\Bachelorarbeit\sootexample\databases\de.tnr.sdg.example.cache.MainCache
2017-07-03 17:29:27.779+0000 INFO [o.n.k.i.DiagnosticsManager] dbms.logs.http.enabled=false
2017-07-03 17:29:27.779+0000 INFO [o.n.k.i.DiagnosticsManager] dbms.connector.https.type=HTTP
2017-07-03 17:29:27.779+0000 INFO [o.n.k.i.DiagnosticsManager] dbms.allow_format_migration=true
2017-07-03 17:29:27.779+0000 INFO [o.n.k.i.DiagnosticsManager] unsupported.dbms.edition=community
2017-07-03 17:29:27.779+0000 INFO [o.n.k.i.DiagnosticsManager] dbms.connector.bolt.enabled=true
2017-07-03 17:29:27.779+0000 INFO [o.n.k.i.DiagnosticsManager] Diagnostics providers:
2017-07-03 17:29:27.779+0000 INFO [o.n.k.i.DiagnosticsManager] org.neo4j.kernel.configuration.Config
2017-07-03 17:29:27.779+0000 INFO [o.n.k.i.DiagnosticsManager] org.neo4j.kernel.info.DiagnosticsManager
2017-07-03 17:29:27.779+0000 INFO [o.n.k.i.DiagnosticsManager] SYSTEM_MEMORY
2017-07-03 17:29:27.779+0000 INFO [o.n.k.i.DiagnosticsManager] JAVA_MEMORY
2017-07-03 17:29:27.779+0000 INFO [o.n.k.i.DiagnosticsManager] OPERATING_SYSTEM
2017-07-03 17:29:27.779+0000 INFO [o.n.k.i.DiagnosticsManager] JAVA_VIRTUAL_MACHINE
2017-07-03 17:29:27.779+0000 INFO [o.n.k.i.DiagnosticsManager] CLASSPATH
2017-07-03 17:29:27.779+0000 INFO [o.n.k.i.DiagnosticsManager] LIBRARY_PATH
2017-07-03 17:29:27.779+0000 INFO [o.n.k.i.DiagnosticsManager] SYSTEM_PROPERTIES
2017-07-03 17:29:27.779+0000 INFO [o.n.k.i.DiagnosticsManager] NETWORK
2017-07-03 17:29:27.779+0000 INFO [o.n.k.i.DiagnosticsManager] System memory information:
2017-07-03 17:29:27.779+0000 INFO [o.n.k.i.DiagnosticsManager] Total Physical memory: 15,97 GB
2017-07-03 17:29:27.779+0000 INFO [o.n.k.i.DiagnosticsManager] Free Physical memory: 10,50 GB
2017-07-03 17:29:27.779+0000 INFO [o.n.k.i.DiagnosticsManager] Committed virtual memory: 1,28 GB
2017-07-03 17:29:27.779+0000 INFO [o.n.k.i.DiagnosticsManager] Total swap space: 31,97 GB
2017-07-03 17:29:27.779+0000 INFO [o.n.k.i.DiagnosticsManager] Free swap space: 24,36 GB
2017-07-03 17:29:27.779+0000 INFO [o.n.k.i.DiagnosticsManager] JVM memory information:
2017-07-03 17:29:27.779+0000 INFO [o.n.k.i.DiagnosticsManager] Free  memory: 379,48 MB
2017-07-03 17:29:27.779+0000 INFO [o.n.k.i.DiagnosticsManager] Total memory: 683,00 MB
2017-07-03 17:29:27.779+0000 INFO [o.n.k.i.DiagnosticsManager] Max   memory: 3,55 GB
2017-07-03 17:29:27.779+0000 INFO [o.n.k.i.DiagnosticsManager] Garbage Collector: PS Scavenge: [PS Eden Space, PS Survivor Space]
2017-07-03 17:29:27.779+0000 INFO [o.n.k.i.DiagnosticsManager] Garbage Collector: PS MarkSweep: [PS Eden Space, PS Survivor Space, PS Old Gen]
2017-07-03 17:29:27.779+0000 INFO [o.n.k.i.DiagnosticsManager] Memory Pool: Code Cache (Non-heap memory): committed=39,81 MB, used=39,53 MB, max=240,00 MB, threshold=0,00 B
2017-07-03 17:29:27.779+0000 INFO [o.n.k.i.DiagnosticsManager] Memory Pool: Metaspace (Non-heap memory): committed=75,13 MB, used=73,09 MB, max=-1,00 B, threshold=0,00 B
2017-07-03 17:29:27.780+0000 INFO [o.n.k.i.DiagnosticsManager] Memory Pool: Compressed Class Space (Non-heap memory): committed=11,63 MB, used=11,17 MB, max=1,00 GB, threshold=0,00 B
2017-07-03 17:29:27.780+0000 INFO [o.n.k.i.DiagnosticsManager] Memory Pool: PS Eden Space (Heap memory): committed=250,00 MB, used=21,71 MB, max=1,26 GB, threshold=?
2017-07-03 17:29:27.780+0000 INFO [o.n.k.i.DiagnosticsManager] Memory Pool: PS Survivor Space (Heap memory): committed=34,50 MB, used=34,50 MB, max=34,50 MB, threshold=?
2017-07-03 17:29:27.780+0000 INFO [o.n.k.i.DiagnosticsManager] Memory Pool: PS Old Gen (Heap memory): committed=398,50 MB, used=247,32 MB, max=2,66 GB, threshold=0,00 B
2017-07-03 17:29:27.780+0000 INFO [o.n.k.i.DiagnosticsManager] Operating system information:
2017-07-03 17:29:27.780+0000 INFO [o.n.k.i.DiagnosticsManager] Operating System: Windows 10; version: 10.0; arch: amd64; cpus: 8
2017-07-03 17:29:27.780+0000 INFO [o.n.k.i.DiagnosticsManager] Process id: 12728@FRooG
2017-07-03 17:29:27.780+0000 INFO [o.n.k.i.DiagnosticsManager] Byte order: LITTLE_ENDIAN
2017-07-03 17:29:27.780+0000 INFO [o.n.k.i.DiagnosticsManager] Local timezone: Europe/Berlin
2017-07-03 17:29:27.780+0000 INFO [o.n.k.i.DiagnosticsManager] JVM information:
2017-07-03 17:29:27.780+0000 INFO [o.n.k.i.DiagnosticsManager] VM Name: Java HotSpot(TM) 64-Bit Server VM
2017-07-03 17:29:27.780+0000 INFO [o.n.k.i.DiagnosticsManager] VM Vendor: Oracle Corporation
2017-07-03 17:29:27.780+0000 INFO [o.n.k.i.DiagnosticsManager] VM Version: 25.112-b15
2017-07-03 17:29:27.780+0000 INFO [o.n.k.i.DiagnosticsManager] JIT compiler: HotSpot 64-Bit Tiered Compilers
2017-07-03 17:29:27.780+0000 INFO [o.n.k.i.DiagnosticsManager] VM Arguments: [-Dexe4j.semaphoreName=Local\c:_program_files_neo4j_ce_3.2.0_bin_neo4j-ce.exe, -Dexe4j.isInstall4j=true, -Dexe4j.moduleName=C:\Program Files\Neo4j CE 3.2.0\bin\neo4j-ce.exe, -Dexe4j.tempDir=, -Dexe4j.unextractedPosition=0, -Djava.library.path=C:\Programme\Java\jdk1.8.0_112\bin;C:\ProgramData\Oracle\Java\javapath;C:\WINDOWS\system32;C:\WINDOWS;C:\WINDOWS\System32\Wbem;C:\WINDOWS\System32\WindowsPowerShell\v1.0\;C:\Program Files (x86)\MiKTeX 2.9\miktex\bin\;C:\Program Files (x86)\NVIDIA Corporation\PhysX\Common;C:\WINDOWS\system32;C:\WINDOWS;C:\WINDOWS\System32\Wbem;C:\WINDOWS\System32\WindowsPowerShell\v1.0\;C:\Programme\Apache_Ant\bin;C:\Program Files\Git\bin;C:\Program Files\cygwin64\bin;C:\Program Files\OpenVPN\bin;C:\Users\Tim-Niklas Reck\AppData\Local\Microsoft\WindowsApps;C:\Users\Tim-Niklas Reck\AppData\Local\Programs\MiKTeX 2.9\miktex\bin\;%USERPROFILE%\AppData\Local\Microsoft\WindowsApps;;c:\program files\java\jre1.8.0_112\bin, -Dexe4j.consoleCodepage=cp0, -Dinstall4j.launcherId=24, -Dinstall4j.swt=false]
2017-07-03 17:29:27.780+0000 INFO [o.n.k.i.DiagnosticsManager] Java classpath:
2017-07-03 17:29:27.784+0000 INFO [o.n.k.i.DiagnosticsManager]  [bootstrap] C:\Program Files\Java\jre1.8.0_112\lib\charsets.jar
2017-07-03 17:29:27.784+0000 INFO [o.n.k.i.DiagnosticsManager]  [loader.1] file:/C:/Program%20Files/Java/jre1.8.0_112/lib/ext/jfxrt.jar
2017-07-03 17:29:27.784+0000 INFO [o.n.k.i.DiagnosticsManager]  [loader.1] file:/C:/Program%20Files/Java/jre1.8.0_112/lib/ext/sunmscapi.jar
2017-07-03 17:29:27.784+0000 INFO [o.n.k.i.DiagnosticsManager]  [bootstrap] C:\Program Files\Java\jre1.8.0_112\lib\sunrsasign.jar
2017-07-03 17:29:27.784+0000 INFO [o.n.k.i.DiagnosticsManager]  [loader.1] file:/C:/Program%20Files/Java/jre1.8.0_112/lib/ext/zipfs.jar
2017-07-03 17:29:27.784+0000 INFO [o.n.k.i.DiagnosticsManager]  [loader.1] file:/C:/Program%20Files/Java/jre1.8.0_112/lib/ext/dnsns.jar
2017-07-03 17:29:27.784+0000 INFO [o.n.k.i.DiagnosticsManager]  [loader.1] file:/C:/Program%20Files/Java/jre1.8.0_112/lib/ext/access-bridge-64.jar
2017-07-03 17:29:27.784+0000 INFO [o.n.k.i.DiagnosticsManager]  [loader.1] file:/C:/Program%20Files/Java/jre1.8.0_112/lib/ext/jaccess.jar
2017-07-03 17:29:27.784+0000 INFO [o.n.k.i.DiagnosticsManager]  [bootstrap] C:\Program Files\Java\jre1.8.0_112\lib\resources.jar
2017-07-03 17:29:27.785+0000 INFO [o.n.k.i.DiagnosticsManager]  [loader.1] file:/C:/Program%20Files/Java/jre1.8.0_112/lib/ext/nashorn.jar
2017-07-03 17:29:27.785+0000 INFO [o.n.k.i.DiagnosticsManager]  [classpath] C:\Program Files\Neo4j CE 3.2.0\bin\neo4j-desktop-3.2.0.jar
2017-07-03 17:29:27.785+0000 INFO [o.n.k.i.DiagnosticsManager]  [loader.0] file:/C:/Program%20Files/Neo4j%20CE%203.2.0/bin/neo4j-desktop-3.2.0.jar
2017-07-03 17:29:27.785+0000 INFO [o.n.k.i.DiagnosticsManager]  [loader.1] file:/C:/Program%20Files/Java/jre1.8.0_112/lib/ext/localedata.jar
2017-07-03 17:29:27.785+0000 INFO [o.n.k.i.DiagnosticsManager]  [bootstrap] C:\Program Files\Java\jre1.8.0_112\lib\rt.jar
2017-07-03 17:29:27.785+0000 INFO [o.n.k.i.DiagnosticsManager]  [bootstrap] C:\Program Files\Java\jre1.8.0_112\lib\jsse.jar
2017-07-03 17:29:27.786+0000 INFO [o.n.k.i.DiagnosticsManager]  [bootstrap] C:\Program Files\Java\jre1.8.0_112\classes
2017-07-03 17:29:27.786+0000 INFO [o.n.k.i.DiagnosticsManager]  [bootstrap] C:\Program Files\Java\jre1.8.0_112\lib\jfr.jar
2017-07-03 17:29:27.786+0000 INFO [o.n.k.i.DiagnosticsManager]  [classpath] C:\Program Files\Neo4j CE 3.2.0\.install4j\i4jruntime.jar
2017-07-03 17:29:27.786+0000 INFO [o.n.k.i.DiagnosticsManager]  [loader.0] file:/C:/Program%20Files/Neo4j%20CE%203.2.0/.install4j/i4jruntime.jar
2017-07-03 17:29:27.786+0000 INFO [o.n.k.i.DiagnosticsManager]  [loader.1] file:/C:/Program%20Files/Java/jre1.8.0_112/lib/ext/sunec.jar
2017-07-03 17:29:27.786+0000 INFO [o.n.k.i.DiagnosticsManager]  [loader.1] file:/C:/Program%20Files/Java/jre1.8.0_112/lib/ext/sunjce_provider.jar
2017-07-03 17:29:27.786+0000 INFO [o.n.k.i.DiagnosticsManager]  [loader.1] file:/C:/Program%20Files/Java/jre1.8.0_112/lib/ext/sunpkcs11.jar
2017-07-03 17:29:27.786+0000 INFO [o.n.k.i.DiagnosticsManager]  [loader.1] file:/C:/Program%20Files/Java/jre1.8.0_112/lib/ext/cldrdata.jar
2017-07-03 17:29:27.786+0000 INFO [o.n.k.i.DiagnosticsManager]  [bootstrap] C:\Program Files\Java\jre1.8.0_112\lib\jce.jar
2017-07-03 17:29:27.786+0000 INFO [o.n.k.i.DiagnosticsManager] Library path:
2017-07-03 17:29:27.786+0000 INFO [o.n.k.i.DiagnosticsManager] C:\Programme\Java\jdk1.8.0_112\bin
2017-07-03 17:29:27.787+0000 INFO [o.n.k.i.DiagnosticsManager] C:\ProgramData\Oracle\Java\javapath
2017-07-03 17:29:27.787+0000 INFO [o.n.k.i.DiagnosticsManager] C:\Windows\System32
2017-07-03 17:29:27.787+0000 INFO [o.n.k.i.DiagnosticsManager] C:\Windows
2017-07-03 17:29:27.787+0000 INFO [o.n.k.i.DiagnosticsManager] C:\Windows\System32\wbem
2017-07-03 17:29:27.788+0000 INFO [o.n.k.i.DiagnosticsManager] C:\Windows\System32\WindowsPowerShell\v1.0
2017-07-03 17:29:27.788+0000 INFO [o.n.k.i.DiagnosticsManager] C:\Program Files (x86)\MiKTeX 2.9\miktex\bin
2017-07-03 17:29:27.788+0000 INFO [o.n.k.i.DiagnosticsManager] C:\Program Files (x86)\NVIDIA Corporation\PhysX\Common
2017-07-03 17:29:27.788+0000 INFO [o.n.k.i.DiagnosticsManager] C:\Windows\System32
2017-07-03 17:29:27.788+0000 INFO [o.n.k.i.DiagnosticsManager] C:\Windows
2017-07-03 17:29:27.788+0000 INFO [o.n.k.i.DiagnosticsManager] C:\Windows\System32\wbem
2017-07-03 17:29:27.788+0000 INFO [o.n.k.i.DiagnosticsManager] C:\Windows\System32\WindowsPowerShell\v1.0
2017-07-03 17:29:27.789+0000 INFO [o.n.k.i.DiagnosticsManager] C:\Programme\Apache_Ant\bin
2017-07-03 17:29:27.789+0000 INFO [o.n.k.i.DiagnosticsManager] C:\Program Files\Git\bin
2017-07-03 17:29:27.789+0000 INFO [o.n.k.i.DiagnosticsManager] C:\Program Files\cygwin64\bin
2017-07-03 17:29:27.790+0000 INFO [o.n.k.i.DiagnosticsManager] C:\Program Files\OpenVPN\bin
2017-07-03 17:29:27.790+0000 INFO [o.n.k.i.DiagnosticsManager] C:\Users\Tim-Niklas Reck\AppData\Local\Microsoft\WindowsApps
2017-07-03 17:29:27.790+0000 INFO [o.n.k.i.DiagnosticsManager] C:\Users\Tim-Niklas Reck\AppData\Local\Programs\MiKTeX 2.9\miktex\bin
2017-07-03 17:29:27.791+0000 INFO [o.n.k.i.DiagnosticsManager] C:\Program Files\Neo4j CE 3.2.0\bin\%USERPROFILE%\AppData\Local\Microsoft\WindowsApps
2017-07-03 17:29:27.791+0000 INFO [o.n.k.i.DiagnosticsManager] C:\Program Files\Neo4j CE 3.2.0\bin
2017-07-03 17:29:27.791+0000 INFO [o.n.k.i.DiagnosticsManager] C:\Program Files\Java\jre1.8.0_112\bin
2017-07-03 17:29:27.791+0000 INFO [o.n.k.i.DiagnosticsManager] System.properties:
2017-07-03 17:29:27.791+0000 INFO [o.n.k.i.DiagnosticsManager] exe4j.moduleName = C:\Program Files\Neo4j CE 3.2.0\bin\neo4j-ce.exe
2017-07-03 17:29:27.791+0000 INFO [o.n.k.i.DiagnosticsManager] exe4j.semaphoreName = Local\c:_program_files_neo4j_ce_3.2.0_bin_neo4j-ce.exe
2017-07-03 17:29:27.791+0000 INFO [o.n.k.i.DiagnosticsManager] sun.boot.library.path = c:\program files\java\jre1.8.0_112\bin
2017-07-03 17:29:27.791+0000 INFO [o.n.k.i.DiagnosticsManager] exe4j.consoleCodepage = cp0
2017-07-03 17:29:27.791+0000 INFO [o.n.k.i.DiagnosticsManager] path.separator = ;
2017-07-03 17:29:27.791+0000 INFO [o.n.k.i.DiagnosticsManager] file.encoding.pkg = sun.io
2017-07-03 17:29:27.791+0000 INFO [o.n.k.i.DiagnosticsManager] user.country = DE
2017-07-03 17:29:27.791+0000 INFO [o.n.k.i.DiagnosticsManager] user.script = 
2017-07-03 17:29:27.791+0000 INFO [o.n.k.i.DiagnosticsManager] sun.os.patch.level = 
2017-07-03 17:29:27.792+0000 INFO [o.n.k.i.DiagnosticsManager] install4j.exeDir = C:\Program Files\Neo4j CE 3.2.0\bin\
2017-07-03 17:29:27.792+0000 INFO [o.n.k.i.DiagnosticsManager] user.dir = C:\Program Files\Neo4j CE 3.2.0\bin
2017-07-03 17:29:27.792+0000 INFO [o.n.k.i.DiagnosticsManager] user.variant = 
2017-07-03 17:29:27.792+0000 INFO [o.n.k.i.DiagnosticsManager] exe4j.tempDir = 
2017-07-03 17:29:27.792+0000 INFO [o.n.k.i.DiagnosticsManager] sun.jnu.encoding = Cp1252
2017-07-03 17:29:27.792+0000 INFO [o.n.k.i.DiagnosticsManager] sun.nio.ch.bugLevel = 
2017-07-03 17:29:27.792+0000 INFO [o.n.k.i.DiagnosticsManager] unsupported.dbms.udc.source = desktop
2017-07-03 17:29:27.792+0000 INFO [o.n.k.i.DiagnosticsManager] sun.awt.enableExtraMouseButtons = true
2017-07-03 17:29:27.792+0000 INFO [o.n.k.i.DiagnosticsManager] install4j.launcherId = 24
2017-07-03 17:29:27.792+0000 INFO [o.n.k.i.DiagnosticsManager] sun.management.compiler = HotSpot 64-Bit Tiered Compilers
2017-07-03 17:29:27.792+0000 INFO [o.n.k.i.DiagnosticsManager] exe4j.isInstall4j = true
2017-07-03 17:29:27.792+0000 INFO [o.n.k.i.DiagnosticsManager] install4j.swt = false
2017-07-03 17:29:27.792+0000 INFO [o.n.k.i.DiagnosticsManager] user.home = C:\Users\Tim-Niklas Reck
2017-07-03 17:29:27.792+0000 INFO [o.n.k.i.DiagnosticsManager] user.timezone = Europe/Berlin
2017-07-03 17:29:27.792+0000 INFO [o.n.k.i.DiagnosticsManager] file.encoding = Cp1252
2017-07-03 17:29:27.792+0000 INFO [o.n.k.i.DiagnosticsManager] user.name = Tim-Niklas Reck
2017-07-03 17:29:27.792+0000 INFO [o.n.k.i.DiagnosticsManager] sun.java.command = C:\Program Files\Neo4j CE 3.2.0\bin\neo4j-ce.exe
2017-07-03 17:29:27.792+0000 INFO [o.n.k.i.DiagnosticsManager] sun.arch.data.model = 64
2017-07-03 17:29:27.792+0000 INFO [o.n.k.i.DiagnosticsManager] exe4j.launchName = C:\Program Files\Neo4j CE 3.2.0\bin\neo4j-ce.exe
2017-07-03 17:29:27.792+0000 INFO [o.n.k.i.DiagnosticsManager] user.language = de
2017-07-03 17:29:27.792+0000 INFO [o.n.k.i.DiagnosticsManager] awt.toolkit = sun.awt.windows.WToolkit
2017-07-03 17:29:27.792+0000 INFO [o.n.k.i.DiagnosticsManager] exe4j.unextractedPosition = 0
2017-07-03 17:29:27.792+0000 INFO [o.n.k.i.DiagnosticsManager] install4j.appDir = C:\Program Files\Neo4j CE 3.2.0\
2017-07-03 17:29:27.792+0000 INFO [o.n.k.i.DiagnosticsManager] file.separator = \
2017-07-03 17:29:27.792+0000 INFO [o.n.k.i.DiagnosticsManager] sun.io.unicode.encoding = UnicodeLittle
2017-07-03 17:29:27.792+0000 INFO [o.n.k.i.DiagnosticsManager] sun.cpu.endian = little
2017-07-03 17:29:27.792+0000 INFO [o.n.k.i.DiagnosticsManager] sun.desktop = windows
2017-07-03 17:29:27.792+0000 INFO [o.n.k.i.DiagnosticsManager] sun.cpu.isalist = amd64
2017-07-03 17:29:27.792+0000 INFO [o.n.k.i.DiagnosticsManager] Network information:
2017-07-03 17:29:27.805+0000 INFO [o.n.k.i.DiagnosticsManager] Interface Software Loopback Interface 1:
2017-07-03 17:29:27.805+0000 INFO [o.n.k.i.DiagnosticsManager]     address: 127.0.0.1
2017-07-03 17:29:27.805+0000 INFO [o.n.k.i.DiagnosticsManager]     address: 0:0:0:0:0:0:0:1
2017-07-03 17:29:27.805+0000 INFO [o.n.k.i.DiagnosticsManager] Interface WAN Miniport (PPTP):
2017-07-03 17:29:27.805+0000 INFO [o.n.k.i.DiagnosticsManager] Interface Microsoft Teredo Tunneling Adapter:
2017-07-03 17:29:27.805+0000 INFO [o.n.k.i.DiagnosticsManager]     address: 2001:0:9d38:78cf:2cb5:39bd:3f57:4da4
2017-07-03 17:29:27.805+0000 INFO [o.n.k.i.DiagnosticsManager]     address: fe80:0:0:0:2cb5:39bd:3f57:4da4%net1
2017-07-03 17:29:27.805+0000 INFO [o.n.k.i.DiagnosticsManager] Interface WAN Miniport (IP):
2017-07-03 17:29:27.805+0000 INFO [o.n.k.i.DiagnosticsManager] Interface WAN Miniport (PPPOE):
2017-07-03 17:29:27.805+0000 INFO [o.n.k.i.DiagnosticsManager] Interface WAN Miniport (IPv6):
2017-07-03 17:29:27.805+0000 INFO [o.n.k.i.DiagnosticsManager] Interface WAN Miniport (SSTP):
2017-07-03 17:29:27.805+0000 INFO [o.n.k.i.DiagnosticsManager] Interface WAN Miniport (Network Monitor):
2017-07-03 17:29:27.805+0000 INFO [o.n.k.i.DiagnosticsManager] Interface Microsoft Kernel Debug Network Adapter:
2017-07-03 17:29:27.805+0000 INFO [o.n.k.i.DiagnosticsManager] Interface WAN Miniport (L2TP):
2017-07-03 17:29:27.805+0000 INFO [o.n.k.i.DiagnosticsManager] Interface TAP-Windows Adapter V9:
2017-07-03 17:29:27.805+0000 INFO [o.n.k.i.DiagnosticsManager] Interface Realtek PCIe GBE Family Controller:
2017-07-03 17:29:27.805+0000 INFO [o.n.k.i.DiagnosticsManager]     address: 192.168.178.91
2017-07-03 17:29:27.805+0000 INFO [o.n.k.i.DiagnosticsManager]     address: 2a02:8108:1bf:cfd4:f0d9:6a6e:b68c:d560
2017-07-03 17:29:27.805+0000 INFO [o.n.k.i.DiagnosticsManager]     address: 2a02:8108:1bf:cfd4:d407:34d:cde3:19a8
2017-07-03 17:29:27.805+0000 INFO [o.n.k.i.DiagnosticsManager]     address: fe80:0:0:0:f0d9:6a6e:b68c:d560%eth5
2017-07-03 17:29:27.805+0000 INFO [o.n.k.i.DiagnosticsManager] Interface WAN Miniport (IKEv2):
2017-07-03 17:29:27.805+0000 INFO [o.n.k.i.DiagnosticsManager] Interface TAP-Win32 Adapter V9 (Tunngle) #2:
2017-07-03 17:29:27.805+0000 INFO [o.n.k.i.DiagnosticsManager] Interface Realtek PCIe GBE Family Controller-WFP Native MAC Layer LightWeight Filter-0000:
2017-07-03 17:29:27.805+0000 INFO [o.n.k.i.DiagnosticsManager] Interface Realtek PCIe GBE Family Controller-QoS Packet Scheduler-0000:
2017-07-03 17:29:27.805+0000 INFO [o.n.k.i.DiagnosticsManager] Interface Realtek PCIe GBE Family Controller-WFP 802.3 MAC Layer LightWeight Filter-0000:
2017-07-03 17:29:27.805+0000 INFO [o.n.k.i.DiagnosticsManager] --- INITIALIZED diagnostics END ---
2017-07-03 17:29:27.813+0000 INFO [o.n.b.v.r.WorkerFactory] Bolt Server extension loaded.
2017-07-03 17:29:27.813+0000 INFO [o.n.b.v.r.WorkerFactory] Bolt enabled on 127.0.0.1:7687.
2017-07-03 17:29:27.823+0000 INFO [o.n.k.i.s.f.RecordFormatSelector] Selected RecordFormat:StandardV2_3[v0.A.6] record format from store C:\Users\Tim-Niklas Reck\Desktop\Bachelorarbeit\sootexample\databases\de.tnr.sdg.example.cache.MainCache
2017-07-03 17:29:27.823+0000 INFO [o.n.k.i.s.f.RecordFormatSelector] Selected format 'RecordFormat:StandardV3_2[v0.A.8]' for existing store with format 'RecordFormat:StandardV2_3[v0.A.6]'
2017-07-03 17:29:27.829+0000 INFO [o.n.k.i.s.p.StoreMigrator] Starting upgrade of database
2017-07-03 17:29:27.835+0000 INFO [o.n.k.i.s.p.StoreMigrator] Migrating Indexes (1/3):
2017-07-03 17:29:27.835+0000 INFO [o.n.k.i.s.p.StoreMigrator]   10% completed
2017-07-03 17:29:27.835+0000 INFO [o.n.k.i.s.p.StoreMigrator]   20% completed
2017-07-03 17:29:27.836+0000 INFO [o.n.k.i.s.p.StoreMigrator]   30% completed
2017-07-03 17:29:27.836+0000 INFO [o.n.k.i.s.p.StoreMigrator]   40% completed
2017-07-03 17:29:27.836+0000 INFO [o.n.k.i.s.p.StoreMigrator]   50% completed
2017-07-03 17:29:27.836+0000 INFO [o.n.k.i.s.p.StoreMigrator]   60% completed
2017-07-03 17:29:27.837+0000 INFO [o.n.k.i.s.p.StoreMigrator]   70% completed
2017-07-03 17:29:27.837+0000 INFO [o.n.k.i.s.p.StoreMigrator]   80% completed
2017-07-03 17:29:27.837+0000 INFO [o.n.k.i.s.p.StoreMigrator]   90% completed
2017-07-03 17:29:27.837+0000 INFO [o.n.k.i.s.p.StoreMigrator]   100% completed
2017-07-03 17:29:27.838+0000 INFO [o.n.k.i.s.p.StoreMigrator] Migrating Legacy indexes (2/3):
2017-07-03 17:29:27.838+0000 INFO [o.n.k.i.s.p.StoreMigrator]   10% completed
2017-07-03 17:29:27.839+0000 INFO [o.n.k.i.s.p.StoreMigrator]   20% completed
2017-07-03 17:29:27.839+0000 INFO [o.n.k.i.s.p.StoreMigrator]   30% completed
2017-07-03 17:29:27.839+0000 INFO [o.n.k.i.s.p.StoreMigrator]   40% completed
2017-07-03 17:29:27.839+0000 INFO [o.n.k.i.s.p.StoreMigrator]   50% completed
2017-07-03 17:29:27.839+0000 INFO [o.n.k.i.s.p.StoreMigrator]   60% completed
2017-07-03 17:29:27.840+0000 INFO [o.n.k.i.s.p.StoreMigrator]   70% completed
2017-07-03 17:29:27.840+0000 INFO [o.n.k.i.s.p.StoreMigrator]   80% completed
2017-07-03 17:29:27.840+0000 INFO [o.n.k.i.s.p.StoreMigrator]   90% completed
2017-07-03 17:29:27.840+0000 INFO [o.n.k.i.s.p.StoreMigrator]   100% completed
2017-07-03 17:29:27.840+0000 INFO [o.n.k.i.s.p.StoreMigrator] Migrating Store files (3/3):
2017-07-03 17:29:27.848+0000 INFO [o.n.k.i.s.p.StoreMigrator]   10% completed
2017-07-03 17:29:27.849+0000 INFO [o.n.k.i.s.p.StoreMigrator]   20% completed
2017-07-03 17:29:27.849+0000 INFO [o.n.k.i.s.p.StoreMigrator]   30% completed
2017-07-03 17:29:27.849+0000 INFO [o.n.k.i.s.p.StoreMigrator]   40% completed
2017-07-03 17:29:27.849+0000 INFO [o.n.k.i.s.p.StoreMigrator]   50% completed
2017-07-03 17:29:27.849+0000 INFO [o.n.k.i.s.p.StoreMigrator]   60% completed
2017-07-03 17:29:27.850+0000 INFO [o.n.k.i.s.p.StoreMigrator]   70% completed
2017-07-03 17:29:27.850+0000 INFO [o.n.k.i.s.p.StoreMigrator]   80% completed
2017-07-03 17:29:27.850+0000 INFO [o.n.k.i.s.p.StoreMigrator]   90% completed
2017-07-03 17:29:27.850+0000 INFO [o.n.k.i.s.p.StoreMigrator]   100% completed
2017-07-03 17:29:27.882+0000 INFO [o.n.k.i.s.p.StoreMigrator] Successfully finished upgrade of database
2017-07-03 17:29:27.887+0000 INFO [o.n.k.i.s.f.RecordFormatSelector] Selected RecordFormat:StandardV3_2[v0.A.8] record format from store C:\Users\Tim-Niklas Reck\Desktop\Bachelorarbeit\sootexample\databases\de.tnr.sdg.example.cache.MainCache
2017-07-03 17:29:27.887+0000 INFO [o.n.k.i.s.f.RecordFormatSelector] Format not configured. Selected format from the store: RecordFormat:StandardV3_2[v0.A.8]
2017-07-03 17:29:27.941+0000 ERROR [o.n.k.i.s.c.CountsTracker] Failed to open counts store file: C:\Users\Tim-Niklas Reck\Desktop\Bachelorarbeit\sootexample\databases\de.tnr.sdg.example.cache.MainCache\neostore.counts.db.a Format header/trailer has changed.
java.lang.IllegalStateException: Format header/trailer has changed.
	at org.neo4j.kernel.impl.store.kvstore.MetadataCollector$State.readFormatSpecifier(MetadataCollector.java:233)
	at org.neo4j.kernel.impl.store.kvstore.MetadataCollector$State.access$100(MetadataCollector.java:105)
	at org.neo4j.kernel.impl.store.kvstore.MetadataCollector$State$1.visit(MetadataCollector.java:112)
	at org.neo4j.kernel.impl.store.kvstore.MetadataCollector.visit(MetadataCollector.java:65)
	at org.neo4j.kernel.impl.store.kvstore.MetadataCollector.visit(MetadataCollector.java:28)
	at org.neo4j.kernel.impl.store.kvstore.KeyValueStoreFile.visitKeyValuePairs(KeyValueStoreFile.java:190)
	at org.neo4j.kernel.impl.store.kvstore.KeyValueStoreFile.scanAll(KeyValueStoreFile.java:181)
	at org.neo4j.kernel.impl.store.kvstore.KeyValueStoreFileFormat.open(KeyValueStoreFileFormat.java:286)
	at org.neo4j.kernel.impl.store.kvstore.KeyValueStoreFileFormat.openStore(KeyValueStoreFileFormat.java:78)
	at org.neo4j.kernel.impl.store.kvstore.RotationStrategy.open(RotationStrategy.java:65)
	at org.neo4j.kernel.impl.store.kvstore.DeadState$Stopped.initialize(DeadState.java:125)
	at org.neo4j.kernel.impl.store.kvstore.AbstractKeyValueStore.init(AbstractKeyValueStore.java:172)
	at org.neo4j.kernel.impl.store.NeoStores.createCountStore(NeoStores.java:647)
	at org.neo4j.kernel.impl.store.StoreType$15.open(StoreType.java:157)
	at org.neo4j.kernel.impl.store.StoreType$15.open(StoreType.java:152)
	at org.neo4j.kernel.impl.store.NeoStores.openStore(NeoStores.java:255)
	at org.neo4j.kernel.impl.store.NeoStores.getOrCreateStore(NeoStores.java:300)
	at org.neo4j.kernel.impl.store.NeoStores.<init>(NeoStores.java:144)
	at org.neo4j.kernel.impl.store.StoreFactory.openNeoStores(StoreFactory.java:169)
	at org.neo4j.kernel.impl.store.StoreFactory.openAllNeoStores(StoreFactory.java:133)
	at org.neo4j.kernel.impl.storageengine.impl.recordstorage.RecordStorageEngine.<init>(RecordStorageEngine.java:213)
	at org.neo4j.kernel.NeoStoreDataSource.buildStorageEngine(NeoStoreDataSource.java:575)
	at org.neo4j.kernel.NeoStoreDataSource.start(NeoStoreDataSource.java:434)
	at org.neo4j.kernel.lifecycle.LifeSupport$LifecycleInstance.start(LifeSupport.java:434)
	at org.neo4j.kernel.lifecycle.LifeSupport.start(LifeSupport.java:107)
	at org.neo4j.kernel.impl.transaction.state.DataSourceManager.start(DataSourceManager.java:100)
	at org.neo4j.kernel.lifecycle.LifeSupport$LifecycleInstance.start(LifeSupport.java:434)
	at org.neo4j.kernel.lifecycle.LifeSupport.start(LifeSupport.java:107)
	at org.neo4j.kernel.impl.factory.GraphDatabaseFacadeFactory.initFacade(GraphDatabaseFacadeFactory.java:205)
	at org.neo4j.kernel.impl.factory.GraphDatabaseFacadeFactory.newFacade(GraphDatabaseFacadeFactory.java:124)
	at org.neo4j.server.CommunityNeoServer.lambda$static$0(CommunityNeoServer.java:58)
	at org.neo4j.server.database.LifecycleManagingDatabase.start(LifecycleManagingDatabase.java:89)
	at org.neo4j.kernel.lifecycle.LifeSupport$LifecycleInstance.start(LifeSupport.java:434)
	at org.neo4j.kernel.lifecycle.LifeSupport.start(LifeSupport.java:107)
	at org.neo4j.server.AbstractNeoServer.start(AbstractNeoServer.java:211)
	at org.neo4j.desktop.runtime.DatabaseActions.start(DatabaseActions.java:71)
	at org.neo4j.desktop.ui.StartDatabaseActionListener$1.run(StartDatabaseActionListener.java:63)
	at java.awt.event.InvocationEvent.dispatch(Unknown Source)
	at java.awt.EventQueue.dispatchEventImpl(Unknown Source)
	at java.awt.EventQueue.access$500(Unknown Source)
	at java.awt.EventQueue$3.run(Unknown Source)
	at java.awt.EventQueue$3.run(Unknown Source)
	at java.security.AccessController.doPrivileged(Native Method)
	at java.security.ProtectionDomain$JavaSecurityAccessImpl.doIntersectionPrivilege(Unknown Source)
	at java.awt.EventQueue.dispatchEvent(Unknown Source)
	at java.awt.EventDispatchThread.pumpOneEventForFilters(Unknown Source)
	at java.awt.EventDispatchThread.pumpEventsForFilter(Unknown Source)
	at java.awt.EventDispatchThread.pumpEventsForHierarchy(Unknown Source)
	at java.awt.EventDispatchThread.pumpEvents(Unknown Source)
	at java.awt.EventDispatchThread.pumpEvents(Unknown Source)
	at java.awt.EventDispatchThread.run(Unknown Source)
2017-07-03 17:29:27.944+0000 ERROR [o.n.k.i.s.c.CountsTracker] Failed to open counts store file: C:\Users\Tim-Niklas Reck\Desktop\Bachelorarbeit\sootexample\databases\de.tnr.sdg.example.cache.MainCache\neostore.counts.db.b Format header/trailer has changed.
java.lang.IllegalStateException: Format header/trailer has changed.
	at org.neo4j.kernel.impl.store.kvstore.MetadataCollector$State.readFormatSpecifier(MetadataCollector.java:233)
	at org.neo4j.kernel.impl.store.kvstore.MetadataCollector$State.access$100(MetadataCollector.java:105)
	at org.neo4j.kernel.impl.store.kvstore.MetadataCollector$State$1.visit(MetadataCollector.java:112)
	at org.neo4j.kernel.impl.store.kvstore.MetadataCollector.visit(MetadataCollector.java:65)
	at org.neo4j.kernel.impl.store.kvstore.MetadataCollector.visit(MetadataCollector.java:28)
	at org.neo4j.kernel.impl.store.kvstore.KeyValueStoreFile.visitKeyValuePairs(KeyValueStoreFile.java:190)
	at org.neo4j.kernel.impl.store.kvstore.KeyValueStoreFile.scanAll(KeyValueStoreFile.java:181)
	at org.neo4j.kernel.impl.store.kvstore.KeyValueStoreFileFormat.open(KeyValueStoreFileFormat.java:286)
	at org.neo4j.kernel.impl.store.kvstore.KeyValueStoreFileFormat.openStore(KeyValueStoreFileFormat.java:78)
	at org.neo4j.kernel.impl.store.kvstore.RotationStrategy.open(RotationStrategy.java:65)
	at org.neo4j.kernel.impl.store.kvstore.DeadState$Stopped.initialize(DeadState.java:125)
	at org.neo4j.kernel.impl.store.kvstore.AbstractKeyValueStore.init(AbstractKeyValueStore.java:172)
	at org.neo4j.kernel.impl.store.NeoStores.createCountStore(NeoStores.java:647)
	at org.neo4j.kernel.impl.store.StoreType$15.open(StoreType.java:157)
	at org.neo4j.kernel.impl.store.StoreType$15.open(StoreType.java:152)
	at org.neo4j.kernel.impl.store.NeoStores.openStore(NeoStores.java:255)
	at org.neo4j.kernel.impl.store.NeoStores.getOrCreateStore(NeoStores.java:300)
	at org.neo4j.kernel.impl.store.NeoStores.<init>(NeoStores.java:144)
	at org.neo4j.kernel.impl.store.StoreFactory.openNeoStores(StoreFactory.java:169)
	at org.neo4j.kernel.impl.store.StoreFactory.openAllNeoStores(StoreFactory.java:133)
	at org.neo4j.kernel.impl.storageengine.impl.recordstorage.RecordStorageEngine.<init>(RecordStorageEngine.java:213)
	at org.neo4j.kernel.NeoStoreDataSource.buildStorageEngine(NeoStoreDataSource.java:575)
	at org.neo4j.kernel.NeoStoreDataSource.start(NeoStoreDataSource.java:434)
	at org.neo4j.kernel.lifecycle.LifeSupport$LifecycleInstance.start(LifeSupport.java:434)
	at org.neo4j.kernel.lifecycle.LifeSupport.start(LifeSupport.java:107)
	at org.neo4j.kernel.impl.transaction.state.DataSourceManager.start(DataSourceManager.java:100)
	at org.neo4j.kernel.lifecycle.LifeSupport$LifecycleInstance.start(LifeSupport.java:434)
	at org.neo4j.kernel.lifecycle.LifeSupport.start(LifeSupport.java:107)
	at org.neo4j.kernel.impl.factory.GraphDatabaseFacadeFactory.initFacade(GraphDatabaseFacadeFactory.java:205)
	at org.neo4j.kernel.impl.factory.GraphDatabaseFacadeFactory.newFacade(GraphDatabaseFacadeFactory.java:124)
	at org.neo4j.server.CommunityNeoServer.lambda$static$0(CommunityNeoServer.java:58)
	at org.neo4j.server.database.LifecycleManagingDatabase.start(LifecycleManagingDatabase.java:89)
	at org.neo4j.kernel.lifecycle.LifeSupport$LifecycleInstance.start(LifeSupport.java:434)
	at org.neo4j.kernel.lifecycle.LifeSupport.start(LifeSupport.java:107)
	at org.neo4j.server.AbstractNeoServer.start(AbstractNeoServer.java:211)
	at org.neo4j.desktop.runtime.DatabaseActions.start(DatabaseActions.java:71)
	at org.neo4j.desktop.ui.StartDatabaseActionListener$1.run(StartDatabaseActionListener.java:63)
	at java.awt.event.InvocationEvent.dispatch(Unknown Source)
	at java.awt.EventQueue.dispatchEventImpl(Unknown Source)
	at java.awt.EventQueue.access$500(Unknown Source)
	at java.awt.EventQueue$3.run(Unknown Source)
	at java.awt.EventQueue$3.run(Unknown Source)
	at java.security.AccessController.doPrivileged(Native Method)
	at java.security.ProtectionDomain$JavaSecurityAccessImpl.doIntersectionPrivilege(Unknown Source)
	at java.awt.EventQueue.dispatchEvent(Unknown Source)
	at java.awt.EventDispatchThread.pumpOneEventForFilters(Unknown Source)
	at java.awt.EventDispatchThread.pumpEventsForFilter(Unknown Source)
	at java.awt.EventDispatchThread.pumpEventsForHierarchy(Unknown Source)
	at java.awt.EventDispatchThread.pumpEvents(Unknown Source)
	at java.awt.EventDispatchThread.pumpEvents(Unknown Source)
	at java.awt.EventDispatchThread.run(Unknown Source)
2017-07-03 17:29:27.949+0000 INFO [o.n.k.i.a.i.IndexingService] IndexingService.init: indexes not specifically mentioned above are null
2017-07-03 17:29:27.949+0000 INFO [o.n.k.a.i.l.LuceneLabelScanStore] No scan store found, this might just be first use. Preparing to rebuild.
2017-07-03 17:29:27.950+0000 INFO [o.n.k.i.i.l.NativeLabelScanStore] No scan store found, this might just be first use. Preparing to rebuild.
2017-07-03 17:29:27.956+0000 INFO [o.n.k.NeoStoreDataSource] No commits found after last check point (which is at LogPosition{logVersion=0, byteOffset=103052})
2017-07-03 17:29:27.957+0000 WARN [o.n.k.i.s.MetaDataStore] Missing counts store, rebuilding it.
2017-07-03 17:29:28.028+0000 INFO [o.n.k.i.a.i.IndexingService] IndexingService.start: indexes not specifically mentioned above are null
2017-07-03 17:29:28.029+0000 INFO [o.n.k.i.i.l.NativeLabelScanStore] Rebuilding scan store, this may take a while
2017-07-03 17:29:28.029+0000 INFO [o.n.k.a.i.l.LuceneLabelScanStore] Rebuilding scan store, this may take a while
2017-07-03 17:29:28.034+0000 INFO [o.n.k.i.i.l.NativeLabelScanStore] Scan store rebuilt (roughly 92 nodes)
2017-07-03 17:29:28.035+0000 INFO [o.n.k.a.i.l.LuceneLabelScanStore] Scan store rebuilt (roughly 92 nodes)
2017-07-03 17:29:28.035+0000 INFO [o.n.k.i.DatabaseHealth] Database health set to OK
2017-07-03 17:29:28.049+0000 INFO [o.n.k.AvailabilityGuard] Fulfilling of requirement makes database available: Database available
2017-07-03 17:29:28.050+0000 INFO [o.n.k.i.f.GraphDatabaseFacadeFactory] Database is now ready
2017-07-03 17:29:28.050+0000 INFO [o.n.k.i.DiagnosticsManager] --- STARTED diagnostics for KernelDiagnostics:Versions START ---
2017-07-03 17:29:28.050+0000 INFO [o.n.k.i.DiagnosticsManager] Graph Database: community single StoreId{creationTime=1499102878661, randomId=8005210570737078598, storeVersion=15813456178476550, upgradeTime=1499102967860, upgradeId=70}
2017-07-03 17:29:28.050+0000 INFO [o.n.k.i.DiagnosticsManager] Kernel version: 3.2.0
2017-07-03 17:29:28.051+0000 INFO [o.n.k.i.DiagnosticsManager] --- STARTED diagnostics for KernelDiagnostics:Versions END ---
2017-07-03 17:29:28.051+0000 INFO [o.n.k.i.DiagnosticsManager] --- STARTED diagnostics for NEO_STORE_VERSIONS START ---
2017-07-03 17:29:28.051+0000 INFO [o.n.k.i.DiagnosticsManager] Store versions:
2017-07-03 17:29:28.051+0000 INFO [o.n.k.i.DiagnosticsManager] Store versions:
2017-07-03 17:29:28.051+0000 INFO [o.n.k.i.DiagnosticsManager]   ArrayPropertyStore v0.A.8
2017-07-03 17:29:28.052+0000 INFO [o.n.k.i.DiagnosticsManager]   NodeStore v0.A.8
2017-07-03 17:29:28.052+0000 INFO [o.n.k.i.DiagnosticsManager]   StringPropertyStore v0.A.8
2017-07-03 17:29:28.052+0000 INFO [o.n.k.i.DiagnosticsManager]   PropertyIndexStore v0.A.8
2017-07-03 17:29:28.052+0000 INFO [o.n.k.i.DiagnosticsManager]   StringPropertyStore v0.A.8
2017-07-03 17:29:28.052+0000 INFO [o.n.k.i.DiagnosticsManager]   ArrayPropertyStore v0.A.8
2017-07-03 17:29:28.053+0000 INFO [o.n.k.i.DiagnosticsManager]   PropertyStore v0.A.8
2017-07-03 17:29:28.053+0000 INFO [o.n.k.i.DiagnosticsManager]   RelationshipStore v0.A.8
2017-07-03 17:29:28.053+0000 INFO [o.n.k.i.DiagnosticsManager]   StringPropertyStore v0.A.8
2017-07-03 17:29:28.053+0000 INFO [o.n.k.i.DiagnosticsManager]   RelationshipTypeStore v0.A.8
2017-07-03 17:29:28.053+0000 INFO [o.n.k.i.DiagnosticsManager]   StringPropertyStore v0.A.8
2017-07-03 17:29:28.054+0000 INFO [o.n.k.i.DiagnosticsManager]   LabelTokenStore v0.A.8
2017-07-03 17:29:28.054+0000 INFO [o.n.k.i.DiagnosticsManager]   SchemaStore v0.A.8
2017-07-03 17:29:28.054+0000 INFO [o.n.k.i.DiagnosticsManager]   RelationshipGroupStore v0.A.8
2017-07-03 17:29:28.054+0000 INFO [o.n.k.i.DiagnosticsManager]   NeoStore v0.A.8
2017-07-03 17:29:28.054+0000 INFO [o.n.k.i.DiagnosticsManager] --- STARTED diagnostics for NEO_STORE_VERSIONS END ---
2017-07-03 17:29:28.055+0000 INFO [o.n.k.i.DiagnosticsManager] --- STARTED diagnostics for NEO_STORE_ID_USAGE START ---
2017-07-03 17:29:28.055+0000 INFO [o.n.k.i.DiagnosticsManager] Id usage:
2017-07-03 17:29:28.055+0000 INFO [o.n.k.i.DiagnosticsManager] Id usage:
2017-07-03 17:29:28.055+0000 INFO [o.n.k.i.DiagnosticsManager]   ArrayPropertyStore: used=1 high=0
2017-07-03 17:29:28.055+0000 INFO [o.n.k.i.DiagnosticsManager]   NodeStore: used=92 high=91
2017-07-03 17:29:28.056+0000 INFO [o.n.k.i.DiagnosticsManager]   StringPropertyStore: used=31 high=30
2017-07-03 17:29:28.056+0000 INFO [o.n.k.i.DiagnosticsManager]   PropertyIndexStore: used=30 high=29
2017-07-03 17:29:28.056+0000 INFO [o.n.k.i.DiagnosticsManager]   StringPropertyStore: used=72 high=71
2017-07-03 17:29:28.056+0000 INFO [o.n.k.i.DiagnosticsManager]   ArrayPropertyStore: used=27 high=26
2017-07-03 17:29:28.057+0000 INFO [o.n.k.i.DiagnosticsManager]   PropertyStore: used=509 high=508
2017-07-03 17:29:28.057+0000 INFO [o.n.k.i.DiagnosticsManager]   RelationshipStore: used=212 high=211
2017-07-03 17:29:28.057+0000 INFO [o.n.k.i.DiagnosticsManager]   StringPropertyStore: used=16 high=15
2017-07-03 17:29:28.057+0000 INFO [o.n.k.i.DiagnosticsManager]   RelationshipTypeStore: used=15 high=14
2017-07-03 17:29:28.057+0000 INFO [o.n.k.i.DiagnosticsManager]   StringPropertyStore: used=13 high=12
2017-07-03 17:29:28.058+0000 INFO [o.n.k.i.DiagnosticsManager]   LabelTokenStore: used=12 high=11
2017-07-03 17:29:28.058+0000 INFO [o.n.k.i.DiagnosticsManager]   SchemaStore: used=1 high=0
2017-07-03 17:29:28.058+0000 INFO [o.n.k.i.DiagnosticsManager]   RelationshipGroupStore: used=1 high=0
2017-07-03 17:29:28.058+0000 INFO [o.n.k.i.DiagnosticsManager]   NeoStore: used=15 high=14
2017-07-03 17:29:28.058+0000 INFO [o.n.k.i.DiagnosticsManager] --- STARTED diagnostics for NEO_STORE_ID_USAGE END ---
2017-07-03 17:29:28.059+0000 INFO [o.n.k.i.DiagnosticsManager] --- STARTED diagnostics for NEO_STORE_RECORDS START ---
2017-07-03 17:29:28.059+0000 INFO [o.n.k.i.DiagnosticsManager] Neostore records:
2017-07-03 17:29:28.059+0000 INFO [o.n.k.i.DiagnosticsManager] TIME (Creation time): 1499102878661
2017-07-03 17:29:28.059+0000 INFO [o.n.k.i.DiagnosticsManager] RANDOM_NUMBER (Random number for store id): 8005210570737078598
2017-07-03 17:29:28.059+0000 INFO [o.n.k.i.DiagnosticsManager] LOG_VERSION (Current log version): 0
2017-07-03 17:29:28.060+0000 INFO [o.n.k.i.DiagnosticsManager] LAST_TRANSACTION_ID (Last committed transaction): 70
2017-07-03 17:29:28.060+0000 INFO [o.n.k.i.DiagnosticsManager] STORE_VERSION (Store format version): 15813456178476550
2017-07-03 17:29:28.060+0000 INFO [o.n.k.i.DiagnosticsManager] FIRST_GRAPH_PROPERTY (First property record containing graph properties): -1
2017-07-03 17:29:28.060+0000 INFO [o.n.k.i.DiagnosticsManager] LAST_CONSTRAINT_TRANSACTION (Last committed transaction containing constraint changes): 0
2017-07-03 17:29:28.061+0000 INFO [o.n.k.i.DiagnosticsManager] UPGRADE_TRANSACTION_ID (Transaction id most recent upgrade was performed at): 70
2017-07-03 17:29:28.061+0000 INFO [o.n.k.i.DiagnosticsManager] UPGRADE_TIME (Time of last upgrade): 1499102967860
2017-07-03 17:29:28.061+0000 INFO [o.n.k.i.DiagnosticsManager] LAST_TRANSACTION_CHECKSUM (Checksum of last committed transaction): 1
2017-07-03 17:29:28.061+0000 INFO [o.n.k.i.DiagnosticsManager] UPGRADE_TRANSACTION_CHECKSUM (Checksum of transaction id the most recent upgrade was performed at): 1
2017-07-03 17:29:28.061+0000 INFO [o.n.k.i.DiagnosticsManager] LAST_CLOSED_TRANSACTION_LOG_VERSION (Log version where the last transaction commit entry has been written into): 0
2017-07-03 17:29:28.062+0000 INFO [o.n.k.i.DiagnosticsManager] LAST_CLOSED_TRANSACTION_LOG_BYTE_OFFSET (Byte offset in the log file where the last transaction commit entry has been written into): 103052
2017-07-03 17:29:28.062+0000 INFO [o.n.k.i.DiagnosticsManager] LAST_TRANSACTION_COMMIT_TIMESTAMP (Commit time timestamp for last committed transaction): 1
2017-07-03 17:29:28.062+0000 INFO [o.n.k.i.DiagnosticsManager] UPGRADE_TRANSACTION_COMMIT_TIMESTAMP (Commit timestamp of transaction the most recent upgrade was performed at): 1
2017-07-03 17:29:28.062+0000 INFO [o.n.k.i.DiagnosticsManager] --- STARTED diagnostics for NEO_STORE_RECORDS END ---
2017-07-03 17:29:28.062+0000 INFO [o.n.k.i.DiagnosticsManager] --- STARTED diagnostics for TRANSACTION_RANGE START ---
2017-07-03 17:29:28.063+0000 INFO [o.n.k.i.DiagnosticsManager] Transaction log:
2017-07-03 17:29:28.064+0000 INFO [o.n.k.i.DiagnosticsManager] Oldest transaction 2 found in log with version 0
2017-07-03 17:29:28.064+0000 INFO [o.n.k.i.DiagnosticsManager] --- STARTED diagnostics for TRANSACTION_RANGE END ---
2017-07-03 17:29:28.064+0000 INFO [o.n.k.i.DiagnosticsManager] --- STARTED diagnostics for KernelDiagnostics:StoreFiles START ---
2017-07-03 17:29:28.068+0000 INFO [o.n.k.i.DiagnosticsManager] Disk space on partition (Total / Free / Free %): 249585201152 / 52151955456 / 20
Storage files: (filename : modification date - size)
2017-07-03 17:29:28.069+0000 INFO [o.n.k.i.DiagnosticsManager]   certificates:
2017-07-03 17:29:28.070+0000 INFO [o.n.k.i.DiagnosticsManager]     neo4j.cert: 2017-07-03T19:29:27+0200 - 1002,00 B
2017-07-03 17:29:28.070+0000 INFO [o.n.k.i.DiagnosticsManager]     neo4j.key: 2017-07-03T19:29:27+0200 - 1,69 kB
2017-07-03 17:29:28.071+0000 INFO [o.n.k.i.DiagnosticsManager]   - Total: 2017-07-03T19:29:27+0200 - 2,67 kB
2017-07-03 17:29:28.071+0000 INFO [o.n.k.i.DiagnosticsManager]   data:
2017-07-03 17:29:28.071+0000 INFO [o.n.k.i.DiagnosticsManager]     dbms:
2017-07-03 17:29:28.072+0000 INFO [o.n.k.i.DiagnosticsManager]       auth: 2017-07-03T19:29:28+0200 - 137,00 B
2017-07-03 17:29:28.072+0000 INFO [o.n.k.i.DiagnosticsManager]     - Total: 2017-07-03T19:29:28+0200 - 137,00 B
2017-07-03 17:29:28.073+0000 INFO [o.n.k.i.DiagnosticsManager]   - Total: 2017-07-03T19:29:28+0200 - 137,00 B
2017-07-03 17:29:28.073+0000 INFO [o.n.k.i.DiagnosticsManager]   index:
2017-07-03 17:29:28.073+0000 INFO [o.n.k.i.DiagnosticsManager]   - Total: 2017-07-03T19:27:58+0200 - 0,00 B
2017-07-03 17:29:28.074+0000 INFO [o.n.k.i.DiagnosticsManager]   logs:
2017-07-03 17:29:28.074+0000 INFO [o.n.k.i.DiagnosticsManager]     debug.log: 2017-07-03T19:29:27+0200 - 41,71 kB
2017-07-03 17:29:28.075+0000 INFO [o.n.k.i.DiagnosticsManager]   - Total: 2017-07-03T19:29:27+0200 - 41,71 kB
2017-07-03 17:29:28.075+0000 INFO [o.n.k.i.DiagnosticsManager]   messages.log: 2017-07-03T19:28:02+0200 - 44,42 kB
2017-07-03 17:29:28.075+0000 INFO [o.n.k.i.DiagnosticsManager]   neostore: 2017-07-03T19:29:27+0200 - 8,00 kB
2017-07-03 17:29:28.076+0000 INFO [o.n.k.i.DiagnosticsManager]   neostore.counts.db.a: 2017-07-03T19:29:28+0200 - 3,63 kB
2017-07-03 17:29:28.076+0000 INFO [o.n.k.i.DiagnosticsManager]   neostore.counts.db.b: 2017-07-03T19:28:02+0200 - 3,63 kB
2017-07-03 17:29:28.077+0000 INFO [o.n.k.i.DiagnosticsManager]   neostore.id: 2017-07-03T19:29:27+0200 - 9,00 B
2017-07-03 17:29:28.077+0000 INFO [o.n.k.i.DiagnosticsManager]   neostore.labelscanstore.db: 2017-07-03T19:29:28+0200 - 48,00 kB
2017-07-03 17:29:28.078+0000 INFO [o.n.k.i.DiagnosticsManager]   neostore.labeltokenstore.db: 2017-07-03T19:28:02+0200 - 8,00 kB
2017-07-03 17:29:28.078+0000 INFO [o.n.k.i.DiagnosticsManager]   neostore.labeltokenstore.db.id: 2017-07-03T19:29:27+0200 - 9,00 B
2017-07-03 17:29:28.078+0000 INFO [o.n.k.i.DiagnosticsManager]   neostore.labeltokenstore.db.names: 2017-07-03T19:28:02+0200 - 8,00 kB
2017-07-03 17:29:28.079+0000 INFO [o.n.k.i.DiagnosticsManager]   neostore.labeltokenstore.db.names.id: 2017-07-03T19:29:27+0200 - 9,00 B
2017-07-03 17:29:28.079+0000 INFO [o.n.k.i.DiagnosticsManager]   neostore.nodestore.db: 2017-07-03T19:28:02+0200 - 8,00 kB
2017-07-03 17:29:28.080+0000 INFO [o.n.k.i.DiagnosticsManager]   neostore.nodestore.db.id: 2017-07-03T19:29:27+0200 - 9,00 B
2017-07-03 17:29:28.081+0000 INFO [o.n.k.i.DiagnosticsManager]   neostore.nodestore.db.labels: 2017-07-03T19:27:58+0200 - 8,00 kB
2017-07-03 17:29:28.081+0000 INFO [o.n.k.i.DiagnosticsManager]   neostore.nodestore.db.labels.id: 2017-07-03T19:29:27+0200 - 9,00 B
2017-07-03 17:29:28.081+0000 INFO [o.n.k.i.DiagnosticsManager]   neostore.propertystore.db: 2017-07-03T19:28:02+0200 - 23,90 kB
2017-07-03 17:29:28.082+0000 INFO [o.n.k.i.DiagnosticsManager]   neostore.propertystore.db.arrays: 2017-07-03T19:28:02+0200 - 8,00 kB
2017-07-03 17:29:28.082+0000 INFO [o.n.k.i.DiagnosticsManager]   neostore.propertystore.db.arrays.id: 2017-07-03T19:29:27+0200 - 9,00 B
2017-07-03 17:29:28.083+0000 INFO [o.n.k.i.DiagnosticsManager]   neostore.propertystore.db.id: 2017-07-03T19:29:27+0200 - 9,00 B
2017-07-03 17:29:28.083+0000 INFO [o.n.k.i.DiagnosticsManager]   neostore.propertystore.db.index: 2017-07-03T19:28:02+0200 - 8,00 kB
2017-07-03 17:29:28.084+0000 INFO [o.n.k.i.DiagnosticsManager]   neostore.propertystore.db.index.id: 2017-07-03T19:29:27+0200 - 9,00 B
2017-07-03 17:29:28.084+0000 INFO [o.n.k.i.DiagnosticsManager]   neostore.propertystore.db.index.keys: 2017-07-03T19:28:02+0200 - 8,00 kB
2017-07-03 17:29:28.084+0000 INFO [o.n.k.i.DiagnosticsManager]   neostore.propertystore.db.index.keys.id: 2017-07-03T19:29:27+0200 - 9,00 B
2017-07-03 17:29:28.085+0000 INFO [o.n.k.i.DiagnosticsManager]   neostore.propertystore.db.strings: 2017-07-03T19:28:02+0200 - 16,00 kB
2017-07-03 17:29:28.085+0000 INFO [o.n.k.i.DiagnosticsManager]   neostore.propertystore.db.strings.id: 2017-07-03T19:29:27+0200 - 9,00 B
2017-07-03 17:29:28.086+0000 INFO [o.n.k.i.DiagnosticsManager]   neostore.relationshipgroupstore.db: 2017-07-03T19:27:58+0200 - 8,00 kB
2017-07-03 17:29:28.086+0000 INFO [o.n.k.i.DiagnosticsManager]   neostore.relationshipgroupstore.db.id: 2017-07-03T19:29:27+0200 - 9,00 B
2017-07-03 17:29:28.087+0000 INFO [o.n.k.i.DiagnosticsManager]   neostore.relationshipstore.db: 2017-07-03T19:28:02+0200 - 7,97 kB
2017-07-03 17:29:28.087+0000 INFO [o.n.k.i.DiagnosticsManager]   neostore.relationshipstore.db.id: 2017-07-03T19:29:27+0200 - 9,00 B
2017-07-03 17:29:28.088+0000 INFO [o.n.k.i.DiagnosticsManager]   neostore.relationshiptypestore.db: 2017-07-03T19:28:02+0200 - 8,00 kB
2017-07-03 17:29:28.088+0000 INFO [o.n.k.i.DiagnosticsManager]   neostore.relationshiptypestore.db.id: 2017-07-03T19:29:27+0200 - 9,00 B
2017-07-03 17:29:28.088+0000 INFO [o.n.k.i.DiagnosticsManager]   neostore.relationshiptypestore.db.names: 2017-07-03T19:28:02+0200 - 8,00 kB
2017-07-03 17:29:28.089+0000 INFO [o.n.k.i.DiagnosticsManager]   neostore.relationshiptypestore.db.names.id: 2017-07-03T19:29:27+0200 - 9,00 B
2017-07-03 17:29:28.089+0000 INFO [o.n.k.i.DiagnosticsManager]   neostore.schemastore.db: 2017-07-03T19:27:58+0200 - 8,00 kB
2017-07-03 17:29:28.090+0000 INFO [o.n.k.i.DiagnosticsManager]   neostore.schemastore.db.id: 2017-07-03T19:29:27+0200 - 9,00 B
2017-07-03 17:29:28.090+0000 INFO [o.n.k.i.DiagnosticsManager]   neostore.transaction.db.0: 2017-07-03T19:28:02+0200 - 100,65 kB
2017-07-03 17:29:28.090+0000 INFO [o.n.k.i.DiagnosticsManager]   schema:
2017-07-03 17:29:28.091+0000 INFO [o.n.k.i.DiagnosticsManager]     label:
2017-07-03 17:29:28.091+0000 INFO [o.n.k.i.DiagnosticsManager]     - Total: 2017-07-03T19:29:27+0200 - 0,00 B
2017-07-03 17:29:28.092+0000 INFO [o.n.k.i.DiagnosticsManager]   - Total: 2017-07-03T19:27:58+0200 - 0,00 B
2017-07-03 17:29:28.092+0000 INFO [o.n.k.i.DiagnosticsManager]   store_lock: 2017-07-03T19:27:58+0200 - 0,00 B
2017-07-03 17:29:28.092+0000 INFO [o.n.k.i.DiagnosticsManager] --- STARTED diagnostics for KernelDiagnostics:StoreFiles END ---
2017-07-03 17:29:28.100+0000 INFO [o.n.k.i.DiagnosticsManager] --- SERVER STARTED START ---
2017-07-03 17:29:28.489+0000 INFO [o.n.k.i.DiagnosticsManager] --- SERVER STARTED END ---
2017-07-03 17:30:17.949+0000 INFO [o.n.k.i.f.GraphDatabaseFacadeFactory] Shutdown started
2017-07-03 17:30:17.949+0000 INFO [o.n.k.i.f.GraphDatabaseFacadeFactory] Database is now unavailable
2017-07-03 17:30:17.952+0000 INFO [o.n.k.i.t.l.c.CheckPointerImpl] Check Pointing triggered by database shutdown [70]:  Starting check pointing...
2017-07-03 17:30:17.952+0000 INFO [o.n.k.i.t.l.c.CheckPointerImpl] Check Pointing triggered by database shutdown [70]:  Starting store flush...
2017-07-03 17:30:17.955+0000 INFO [o.n.k.i.t.l.c.CheckPointerImpl] Check Pointing triggered by database shutdown [70]:  Store flush completed
2017-07-03 17:30:17.955+0000 INFO [o.n.k.i.t.l.c.CheckPointerImpl] Check Pointing triggered by database shutdown [70]:  Starting appending check point entry into the tx log...
2017-07-03 17:30:17.956+0000 INFO [o.n.k.i.t.l.c.CheckPointerImpl] Check Pointing triggered by database shutdown [70]:  Appending check point entry into the tx log completed
2017-07-03 17:30:17.956+0000 INFO [o.n.k.i.t.l.c.CheckPointerImpl] Check Pointing triggered by database shutdown [70]:  Check pointing completed
2017-07-03 17:30:17.957+0000 INFO [o.n.k.i.t.l.p.LogPruningImpl] Log Rotation [0]:  Starting log pruning.
2017-07-03 17:30:17.957+0000 INFO [o.n.k.i.t.l.p.LogPruningImpl] Log Rotation [0]:  Log pruning complete.
2017-07-03 17:30:18.025+0000 INFO [o.n.k.i.DiagnosticsManager] --- STOPPING diagnostics START ---
2017-07-03 17:30:18.025+0000 INFO [o.n.k.i.DiagnosticsManager] --- STOPPING diagnostics END ---
